web-nightly-r1/currency-mobile-app/android-app/app/seeds.txt
com.oxyzenq.kconvert.data.database.CurrencyDatabase
com.oxyzenq.kconvert.data.model.CurrencyListResponse
com.oxyzenq.kconvert.presentation.viewmodel.SecurityViewModel
com.oxyzenq.kconvert.data.api.ExchangeRateApiService
com.oxyzenq.kconvert.data.local.database.KconvertDatabase
com.oxyzenq.kconvert.security.UltraSecureApiKeyManager
com.oxyzenq.kconvert.KconvertApplication_GeneratedInjector
com.oxyzenq.kconvert.data.model.ApiError
com.oxyzenq.kconvert.data.model.ExchangeRatesResponse
com.oxyzenq.kconvert.MainActivity_GeneratedInjector
com.oxyzenq.kconvert.data.model.Currency
com.oxyzenq.kconvert.data.database.CurrencyDatabase_Impl
com.oxyzenq.kconvert.data.local.database.KconvertDatabase_Impl
com.oxyzenq.kconvert.MainActivity
com.oxyzenq.kconvert.data.model.ConversionRequest
com.oxyzenq.kconvert.presentation.viewmodel.KconvertViewModel
com.oxyzenq.kconvert.KconvertApplication
com.oxyzenq.kconvert.data.model.ConversionResponse
com.oxyzenq.kconvert.data.model.Currency: int $stable
com.oxyzenq.kconvert.data.model.ConversionRequest: int $stable
com.oxyzenq.kconvert.data.model.ConversionResponse: java.lang.String toCurrency
com.oxyzenq.kconvert.data.model.ConversionResponse: java.lang.String timestamp
com.oxyzenq.kconvert.data.model.ConversionResponse: double convertedAmount
com.oxyzenq.kconvert.data.model.ExchangeRatesResponse: java.lang.String timestamp
com.oxyzenq.kconvert.data.model.CurrencyListResponse: java.util.Map currencies
com.oxyzenq.kconvert.data.model.ConversionResponse: int $stable
com.oxyzenq.kconvert.data.model.CurrencyListResponse: int $stable
com.oxyzenq.kconvert.data.model.ExchangeRatesResponse: java.util.Map rates
com.oxyzenq.kconvert.data.model.ConversionResponse: java.lang.String error
com.oxyzenq.kconvert.data.model.Currency: java.lang.String flag
com.oxyzenq.kconvert.data.model.ConversionResponse: double exchangeRate
com.oxyzenq.kconvert.data.model.ApiError: java.lang.String timestamp
com.oxyzenq.kconvert.data.model.ApiError: java.lang.String message
com.oxyzenq.kconvert.data.model.ExchangeRatesResponse: int $stable
com.oxyzenq.kconvert.data.model.CurrencyListResponse: int count
com.oxyzenq.kconvert.data.model.ConversionRequest: java.lang.String toCurrency
com.oxyzenq.kconvert.data.model.ExchangeRatesResponse: java.lang.String baseCurrency
com.oxyzenq.kconvert.data.model.ConversionResponse: boolean success
com.oxyzenq.kconvert.data.model.ConversionResponse: double amount
com.oxyzenq.kconvert.data.model.ConversionResponse: java.lang.String fromCurrency
com.oxyzenq.kconvert.data.model.CurrencyListResponse: java.lang.String timestamp
com.oxyzenq.kconvert.data.model.ConversionRequest: double amount
com.oxyzenq.kconvert.data.model.Currency: java.lang.String name
com.oxyzenq.kconvert.data.model.ConversionRequest: java.lang.String fromCurrency
com.oxyzenq.kconvert.data.model.Currency: java.lang.String code
com.oxyzenq.kconvert.data.model.ApiError: java.lang.String error
com.oxyzenq.kconvert.data.model.ApiError: int $stable
com.oxyzenq.kconvert.data.model.ExchangeRatesResponse: java.lang.String source
com.oxyzenq.kconvert.data.model.CurrencyListResponse: int getCount()
com.oxyzenq.kconvert.data.model.Currency: java.lang.String component3()
com.oxyzenq.kconvert.data.model.ConversionRequest: com.oxyzenq.kconvert.data.model.ConversionRequest copy(java.lang.String,java.lang.String,double)
com.oxyzenq.kconvert.data.model.CurrencyListResponse: java.util.Map component1()
com.oxyzenq.kconvert.security.RASPSecurityManager$ThreatLevel: com.oxyzenq.kconvert.security.RASPSecurityManager$ThreatLevel[] values()
com.oxyzenq.kconvert.data.model.ConversionResponse: java.lang.String component8()
com.oxyzenq.kconvert.data.api.ExchangeRateApiService: java.lang.Object getExchangeRates(java.lang.String,java.lang.String,kotlin.coroutines.Continuation)
com.oxyzenq.kconvert.data.model.ConversionRequest: java.lang.String toString()
...
androidx.compose.ui.platform.AndroidComposeViewAccessibilityDelegateCompat$Api24Impl: void addSetProgressAction(androidx.core.view.accessibility.AccessibilityNodeInfoCompat,androidx.compose.ui.semantics.SemanticsNode)
androidx.appcompat.widget.Toolbar: java.lang.CharSequence getSubtitle()
androidx.compose.ui.graphics.CanvasZHelper: void enableZ(android.graphics.Canvas,boolean)
kotlin.LazyThreadSafetyMode: kotlin.LazyThreadSafetyMode valueOf(java.lang.String)
androidx.appcompat.widget.ActionBarContainer: android.view.View getTabContainer()
androidx.appcompat.widget.ViewStubCompat: int getLayoutResource()
androidx.compose.ui.autofill.AutofillApi26Helper: void setAutofillId(android.view.ViewStructure,android.view.autofill.AutofillId,int)
androidx.work.impl.utils.NetworkApi21: void unregisterNetworkCallbackCompat(android.net.ConnectivityManager,android.net.ConnectivityManager$NetworkCallback)
androidx.compose.ui.platform.ViewLayer: androidx.compose.ui.platform.AndroidComposeView getOwnerView()
androidx.core.graphics.drawable.IconCompat$Api28Impl: android.net.Uri getUri(java.lang.Object)
androidx.appcompat.widget.Toolbar$Api33Impl: android.window.OnBackInvokedCallback newOnBackInvokedCallback(java.lang.Runnable)
androidx.vectordrawable.graphics.drawable.VectorDrawableCompat$VGroup: android.graphics.Matrix getLocalMatrix()
androidx.activity.OnBackPressedDispatcher$Api33Impl: void registerOnBackInvokedCallback(java.lang.Object,int,java.lang.Object)
androidx.appcompat.widget.AppCompatTextView: android.content.res.ColorStateList getSupportCompoundDrawablesTintList()
androidx.appcompat.widget.AppCompatTextView: void setBackgroundDrawable(android.graphics.drawable.Drawable)
androidx.appcompat.app.AlertController$RecycleListView: AlertController$RecycleListView(android.content.Context,android.util.AttributeSet)
androidx.compose.ui.platform.AndroidComposeView: androidx.compose.ui.node.OwnerSnapshotObserver getSnapshotObserver()
androidx.vectordrawable.graphics.drawable.VectorDrawableCompat$VPath: java.lang.String getPathName()
androidx.compose.ui.window.PopupLayout: androidx.compose.ui.unit.LayoutDirection getParentLayoutDirection()
androidx.core.view.WindowInsetsCompat$Impl: androidx.core.graphics.Insets getSystemWindowInsets()
androidx.work.CoroutineWorker: CoroutineWorker(android.content.Context,androidx.work.WorkerParameters)
androidx.appcompat.widget.AppCompatImageView: android.graphics.PorterDuff$Mode getSupportBackgroundTintMode()
androidx.work.NetworkType: androidx.work.NetworkType[] values()
androidx.vectordrawable.graphics.drawable.VectorDrawableCompat$VFullPath: float getStrokeWidth()
androidx.appcompat.widget.ActivityChooserView$InnerLayout: ActivityChooserView$InnerLayout(android.content.Context,android.util.AttributeSet)
android.support.v4.app.RemoteActionCompatParcelizer: void write(androidx.core.app.RemoteActionCompat,androidx.versionedparcelable.VersionedParcel)
androidx.appcompat.widget.AppCompatAutoCompleteTextView: android.graphics.PorterDuff$Mode getSupportCompoundDrawablesTintMode()
kotlin.collections.AbstractList: AbstractList()
androidx.appcompat.widget.ActionBarContainer: void setPrimaryBackground(android.graphics.drawable.Drawable)
androidx.core.view.ViewCompat$Api30Impl: boolean isImportantForContentCapture(android.view.View)
androidx.core.content.res.ResourcesCompat$Api23Impl: int getColor(android.content.res.Resources,int,android.content.res.Resources$Theme)
kotlin.time.DurationUnit: kotlin.time.DurationUnit[] values()
androidx.compose.ui.platform.ViewLayer: long getOwnerViewId()
androidx.appcompat.widget.LinearLayoutCompat: android.graphics.drawable.Drawable getDividerDrawable()
kotlinx.coroutines.channels.BufferOverflow: kotlinx.coroutines.channels.BufferOverflow[] values()
androidx.lifecycle.Lifecycle$State: androidx.lifecycle.Lifecycle$State valueOf(java.lang.String)
androidx.compose.ui.text.android.Paint29: void getTextBounds(android.graphics.Paint,java.lang.CharSequence,int,int,android.graphics.Rect)