web-nightly-r1/currency-mobile-app/android-app/app/usage.txt
com.oxyzenq.kconvert.BuildConfig
com.oxyzenq.kconvert.ComposableSingletons$MainActivityKt:
    public final kotlin.jvm.functions.Function2 getLambda-4$app_ultraRelease()
com.oxyzenq.kconvert.DaggerKconvertApplication_HiltComponents_SingletonC$ActivityCImpl:
    public dagger.hilt.android.internal.builders.FragmentComponentBuilder fragmentComponentBuilder()
    public dagger.hilt.android.internal.builders.ViewComponentBuilder viewComponentBuilder()
com.oxyzenq.kconvert.DaggerKconvertApplication_HiltComponents_SingletonC$FragmentCBuilder
com.oxyzenq.kconvert.DaggerKconvertApplication_HiltComponents_SingletonC$FragmentCImpl
com.oxyzenq.kconvert.DaggerKconvertApplication_HiltComponents_SingletonC$ServiceCBuilder
com.oxyzenq.kconvert.DaggerKconvertApplication_HiltComponents_SingletonC$ServiceCImpl
com.oxyzenq.kconvert.DaggerKconvertApplication_HiltComponents_SingletonC$SingletonCImpl:
    public java.util.Set getDisableFragmentGetContextFix()
    public dagger.hilt.android.internal.builders.ServiceComponentBuilder serviceComponentBuilder()
com.oxyzenq.kconvert.DaggerKconvertApplication_HiltComponents_SingletonC$ViewCBuilder
com.oxyzenq.kconvert.DaggerKconvertApplication_HiltComponents_SingletonC$ViewCImpl
com.oxyzenq.kconvert.DaggerKconvertApplication_HiltComponents_SingletonC$ViewWithFragmentCBuilder
com.oxyzenq.kconvert.DaggerKconvertApplication_HiltComponents_SingletonC$ViewWithFragmentCImpl
com.oxyzenq.kconvert.DaggerKconvertApplication_HiltComponents_SingletonC:
    private void <init>()
com.oxyzenq.kconvert.Hilt_KconvertApplication:
    public synthetic bridge dagger.hilt.internal.GeneratedComponentManager componentManager()
com.oxyzenq.kconvert.Hilt_MainActivity:
    void <init>(int)
    public synthetic bridge dagger.hilt.internal.GeneratedComponentManager componentManager()
com.oxyzenq.kconvert.KconvertApplication$Companion:
    public final com.oxyzenq.kconvert.KconvertApplication getInstance()
com.oxyzenq.kconvert.KconvertApplication:
    public static final int $stable
    public static final synthetic com.oxyzenq.kconvert.KconvertApplication access$getInstance$cp()
com.oxyzenq.kconvert.KconvertApplication_ComponentTreeDeps
com.oxyzenq.kconvert.KconvertApplication_HiltComponents$ActivityC$Builder
com.oxyzenq.kconvert.KconvertApplication_HiltComponents$ActivityCBuilderModule
com.oxyzenq.kconvert.KconvertApplication_HiltComponents$ActivityRetainedC$Builder
com.oxyzenq.kconvert.KconvertApplication_HiltComponents$ActivityRetainedCBuilderModule
com.oxyzenq.kconvert.KconvertApplication_HiltComponents$FragmentC$Builder
com.oxyzenq.kconvert.KconvertApplication_HiltComponents$FragmentC
com.oxyzenq.kconvert.KconvertApplication_HiltComponents$FragmentCBuilderModule
com.oxyzenq.kconvert.KconvertApplication_HiltComponents$ServiceC$Builder
com.oxyzenq.kconvert.KconvertApplication_HiltComponents$ServiceC
com.oxyzenq.kconvert.KconvertApplication_HiltComponents$ServiceCBuilderModule
com.oxyzenq.kconvert.KconvertApplication_HiltComponents$ViewC$Builder
com.oxyzenq.kconvert.KconvertApplication_HiltComponents$ViewC
com.oxyzenq.kconvert.KconvertApplication_HiltComponents$ViewCBuilderModule
com.oxyzenq.kconvert.KconvertApplication_HiltComponents$ViewModelC$Builder
com.oxyzenq.kconvert.KconvertApplication_HiltComponents$ViewModelCBuilderModule
com.oxyzenq.kconvert.KconvertApplication_HiltComponents$ViewWithFragmentC$Builder
com.oxyzenq.kconvert.KconvertApplication_HiltComponents$ViewWithFragmentC
com.oxyzenq.kconvert.KconvertApplication_HiltComponents$ViewWithFragmentCBuilderModule
com.oxyzenq.kconvert.KconvertApplication_HiltComponents
com.oxyzenq.kconvert.MainActivity:
    public static final int $stable
com.oxyzenq.kconvert.MainActivityKt:
    public static final void DefaultPreview(androidx.compose.runtime.Composer,int)
    private static final kotlin.Unit DefaultPreview$lambda$1(int,androidx.compose.runtime.Composer,int)
com.oxyzenq.kconvert.R$color
...
androidx.compose.foundation.text2.input.internal.TextFieldPreparedSelectionState
androidx.compose.foundation.text2.input.internal.TextFieldTextLayoutModifier
androidx.compose.foundation.text2.input.internal.TextFieldTextLayoutModifierNode$measure$1
androidx.compose.foundation.text2.input.internal.TextFieldTextLayoutModifierNode
androidx.compose.foundation.text2.input.internal.TextInputSession
androidx.compose.foundation.text2.input.internal.TextLayoutState$layoutWithNewMeasureInputs$1$textLayoutProvider$1
androidx.compose.foundation.text2.input.internal.TextLayoutState
androidx.compose.foundation.text2.input.internal.TextLayoutStateKt
androidx.compose.foundation.text2.input.internal.ToCharArray_androidKt
androidx.compose.foundation.text2.input.internal.TransformedTextFieldState$Companion
androidx.compose.foundation.text2.input.internal.TransformedTextFieldState$TransformedText
androidx.compose.foundation.text2.input.internal.TransformedTextFieldState$collectImeNotifications$1
androidx.compose.foundation.text2.input.internal.TransformedTextFieldState$collectImeNotifications$2$1
androidx.compose.foundation.text2.input.internal.TransformedTextFieldState$transformedText$1$1
androidx.compose.foundation.text2.input.internal.TransformedTextFieldState
androidx.compose.foundation.text2.input.internal.selection.AndroidTextFieldMagnifier_androidKt$textFieldMagnifierNode$1
androidx.compose.foundation.text2.input.internal.selection.AndroidTextFieldMagnifier_androidKt
androidx.compose.foundation.text2.input.internal.selection.PressDownGestureKt$detectPressDownGesture$2
androidx.compose.foundation.text2.input.internal.selection.PressDownGestureKt
androidx.compose.foundation.text2.input.internal.selection.TapAndDoubleTapGestureKt$awaitSecondDown$2
androidx.compose.foundation.text2.input.internal.selection.TapAndDoubleTapGestureKt$consumeUntilUp$1
androidx.compose.foundation.text2.input.internal.selection.TapAndDoubleTapGestureKt$detectTapAndDoubleTap$2$1$1
androidx.compose.foundation.text2.input.internal.selection.TapAndDoubleTapGestureKt$detectTapAndDoubleTap$2$1$2
androidx.compose.foundation.text2.input.internal.selection.TapAndDoubleTapGestureKt$detectTapAndDoubleTap$2$1
androidx.compose.foundation.text2.input.internal.selection.TapAndDoubleTapGestureKt$detectTapAndDoubleTap$2
androidx.compose.foundation.text2.input.internal.selection.TapAndDoubleTapGestureKt
androidx.compose.foundation.text2.input.internal.selection.TapOnPosition
androidx.compose.foundation.text2.input.internal.selection.TextFieldHandleState$Companion
androidx.compose.foundation.text2.input.internal.selection.TextFieldHandleState
androidx.compose.foundation.text2.input.internal.selection.TextFieldMagnifierKt$WhenMappings
androidx.compose.foundation.text2.input.internal.selection.TextFieldMagnifierKt
androidx.compose.foundation.text2.input.internal.selection.TextFieldMagnifierNode
androidx.compose.foundation.text2.input.internal.selection.TextFieldMagnifierNodeImpl28$magnifierNode$1
androidx.compose.foundation.text2.input.internal.selection.TextFieldMagnifierNodeImpl28$magnifierNode$2
androidx.compose.foundation.text2.input.internal.selection.TextFieldMagnifierNodeImpl28$restartAnimationJob$1$1
androidx.compose.foundation.text2.input.internal.selection.TextFieldMagnifierNodeImpl28$restartAnimationJob$1$2$1
androidx.compose.foundation.text2.input.internal.selection.TextFieldMagnifierNodeImpl28$restartAnimationJob$1$2
androidx.compose.foundation.text2.input.internal.selection.TextFieldMagnifierNodeImpl28$restartAnimationJob$1
androidx.compose.foundation.text2.input.internal.selection.TextFieldMagnifierNodeImpl28
androidx.compose.foundation.text2.input.internal.selection.TextFieldSelectionState$cursorHandle$2
androidx.compose.foundation.text2.input.internal.selection.TextFieldSelectionState$cursorHandleGestures$2$1
androidx.compose.foundation.text2.input.internal.selection.TextFieldSelectionState$cursorHandleGestures$2$2